<?xml version="1.0" encoding="UTF-8"?>
<TestRun id="bb8f1825-d48e-465d-b9b2-b0a2214d237f" name="gaoc@EPEKW-Q1100020 2013-05-22 13:05:37" runUser="IGTMASTER\gaoc" xmlns="http://microsoft.com/schemas/VisualStudio/TeamTest/2010">
  <TestSettings name="Local" id="4ca49d67-0d66-4a55-b4b3-2d739b980c55">
    <Description>These are default test settings for a local test run.</Description>
    <Deployment enabled="false" runDeploymentRoot="gaoc_EPEKW-Q1100020 2013-05-22 13_05_37">
      <DeploymentItem filename="C:\Users\gaoc\Downloads\NSubstitute-master\Output\Debug\NET35\NSubstitute\NSubstitute.dll" />
    </Deployment>
    <Execution>
      <TestTypeSpecific />
      <AgentRule name="Execution Agents">
      </AgentRule>
    </Execution>
  </TestSettings>
  <Times creation="2013-05-22T13:05:37.0708674+08:00" queuing="2013-05-22T13:05:37.1388674+08:00" start="2013-05-22T13:05:37.1598674+08:00" finish="2013-05-22T13:05:37.5218674+08:00" />
  <ResultSummary outcome="Failed">
    <Counters total="1" executed="1" error="0" failed="1" timeout="0" aborted="0" inconclusive="0" passedButRunAborted="0" notRunnable="0" notExecuted="0" disconnected="0" warning="0" passed="0" completed="0" inProgress="0" pending="0" />
  </ResultSummary>
  <TestDefinitions>
    <UnitTest name="Test_ActionsWithArgumentMatchers_ArgActionsCallSpec" storage="c:\users\gaoc\downloads\nsubstitute-master\source\nsubstitute.tests\bin\debug\nsubstitute.tests.dll" id="5aafc54a-b79f-942c-8da6-576a95145a8b">
      <Execution id="1932a4a0-f6ca-4ea0-9f97-1e0afe185ec4" />
      <TestMethod codeBase="C:/Users/gaoc/Downloads/NSubstitute-master/Source/NSubstitute.Tests/bin/Debug/NSubstitute.Tests.DLL" adapterTypeName="Microsoft.VisualStudio.TestTools.TestTypes.Unit.UnitTestAdapter, Microsoft.VisualStudio.QualityTools.Tips.UnitTest.Adapter, Version=10.0.0.0, Culture=neutral, PublicKeyToken=b03f5f7f11d50a3a" className="NSubstitute.Tests.ActionsWithArgumentMatchers, NSubstitute.Tests, Version=1.0.0.0, Culture=neutral, PublicKeyToken=null" name="Test_ActionsWithArgumentMatchers_ArgActionsCallSpec" />
    </UnitTest>
  </TestDefinitions>
  <TestLists>
    <TestList name="Results Not in a List" id="8c84fa94-04c1-424b-9868-57a2d4851a1d" />
    <TestList name="All Loaded Results" id="19431567-8539-422a-85d7-44ee4e166bda" />
  </TestLists>
  <TestEntries>
    <TestEntry testId="5aafc54a-b79f-942c-8da6-576a95145a8b" executionId="1932a4a0-f6ca-4ea0-9f97-1e0afe185ec4" testListId="8c84fa94-04c1-424b-9868-57a2d4851a1d" />
  </TestEntries>
  <Results>
    <UnitTestResult executionId="1932a4a0-f6ca-4ea0-9f97-1e0afe185ec4" testId="5aafc54a-b79f-942c-8da6-576a95145a8b" testName="Test_ActionsWithArgumentMatchers_ArgActionsCallSpec" computerName="EPEKW-Q1100020" duration="00:00:00.1596878" startTime="2013-05-22T13:05:37.1678674+08:00" endTime="2013-05-22T13:05:37.4968674+08:00" testType="13cdc9d9-ddb5-4fa4-a97d-d965ccfc6d4b" outcome="Failed" testListId="8c84fa94-04c1-424b-9868-57a2d4851a1d" relativeResultsDirectory="1932a4a0-f6ca-4ea0-9f97-1e0afe185ec4">
      <Output>
        <ErrorInfo>
          <Message>Assert.AreEqual failed. Expected:&lt;System.Int32[]&gt;. Actual:&lt;System.Int32[]&gt;. </Message>
          <StackTrace>   at NSubstitute.Tests.ActionsWithArgumentMatchers.Test_ActionsWithArgumentMatchers_ArgActionsCallSpec() in C:\Users\gaoc\Downloads\NSubstitute-master\Source\NSubstitute.Tests\17.ActionsWithArgumentMatchers.cs:line 125
</StackTrace>
        </ErrorInfo>
      </Output>
    </UnitTestResult>
  </Results>
</TestRun>