<?xml version="1.0" encoding="UTF-8"?>
<TestRun id="1266f351-3de0-4afe-96d8-b7c780e767c0" name="gaoc@EPEKW-Q1100020 2013-05-22 12:42:43" runUser="IGTMASTER\gaoc" xmlns="http://microsoft.com/schemas/VisualStudio/TeamTest/2010">
  <TestSettings name="Local" id="4ca49d67-0d66-4a55-b4b3-2d739b980c55">
    <Description>These are default test settings for a local test run.</Description>
    <Deployment enabled="false" runDeploymentRoot="gaoc_EPEKW-Q1100020 2013-05-22 12_42_43">
      <DeploymentItem filename="C:\Users\gaoc\Downloads\NSubstitute-master\Output\Debug\NET35\NSubstitute\NSubstitute.dll" />
    </Deployment>
    <Execution>
      <TestTypeSpecific />
      <AgentRule name="Execution Agents">
      </AgentRule>
    </Execution>
  </TestSettings>
  <Times creation="2013-05-22T12:42:43.5888674+08:00" queuing="2013-05-22T12:42:43.6688674+08:00" start="2013-05-22T12:42:43.6938674+08:00" finish="2013-05-22T12:42:44.1198674+08:00" />
  <ResultSummary outcome="Completed">
    <Counters total="5" executed="5" passed="5" error="0" failed="0" timeout="0" aborted="0" inconclusive="0" passedButRunAborted="0" notRunnable="0" notExecuted="0" disconnected="0" warning="0" completed="0" inProgress="0" pending="0" />
  </ResultSummary>
  <TestDefinitions>
    <UnitTest name="Test_AutoRecursiveMocks_ManuallyCreateSubstitutes" storage="c:\users\gaoc\downloads\nsubstitute-master\source\nsubstitute.tests\bin\debug\nsubstitute.tests.dll" id="61c5d9ef-a0e1-b5eb-9ccd-95af148c688e">
      <Execution id="f39c1468-c0b3-4998-b5de-1d3ea15716b7" />
      <TestMethod codeBase="C:/Users/gaoc/Downloads/NSubstitute-master/Source/NSubstitute.Tests/bin/Debug/NSubstitute.Tests.DLL" adapterTypeName="Microsoft.VisualStudio.TestTools.TestTypes.Unit.UnitTestAdapter, Microsoft.VisualStudio.QualityTools.Tips.UnitTest.Adapter, Version=10.0.0.0, Culture=neutral, PublicKeyToken=b03f5f7f11d50a3a" className="NSubstitute.Tests.AutoRecursiveMocks, NSubstitute.Tests, Version=1.0.0.0, Culture=neutral, PublicKeyToken=null" name="Test_AutoRecursiveMocks_ManuallyCreateSubstitutes" />
    </UnitTest>
    <UnitTest name="Test_AutoRecursiveMocks_AutomaticallyCreateSubstitutes" storage="c:\users\gaoc\downloads\nsubstitute-master\source\nsubstitute.tests\bin\debug\nsubstitute.tests.dll" id="ea2938e8-6df8-38dc-d8db-acc3972a68a3">
      <Execution id="c6c43986-e3d6-4943-b7ef-f065fe4de840" />
      <TestMethod codeBase="C:/Users/gaoc/Downloads/NSubstitute-master/Source/NSubstitute.Tests/bin/Debug/NSubstitute.Tests.DLL" adapterTypeName="Microsoft.VisualStudio.TestTools.TestTypes.Unit.UnitTestAdapter, Microsoft.VisualStudio.QualityTools.Tips.UnitTest.Adapter, Version=10.0.0.0, Culture=neutral, PublicKeyToken=b03f5f7f11d50a3a" className="NSubstitute.Tests.AutoRecursiveMocks, NSubstitute.Tests, Version=1.0.0.0, Culture=neutral, PublicKeyToken=null" name="Test_AutoRecursiveMocks_AutomaticallyCreateSubstitutes" />
    </UnitTest>
    <UnitTest name="Test_AutoRecursiveMocks_CallRecursivelySubbed" storage="c:\users\gaoc\downloads\nsubstitute-master\source\nsubstitute.tests\bin\debug\nsubstitute.tests.dll" id="d0932b71-180b-d30b-a469-58bd2a72b7ac">
      <Execution id="4adf38ec-d85c-415e-8cc9-825295198569" />
      <TestMethod codeBase="C:/Users/gaoc/Downloads/NSubstitute-master/Source/NSubstitute.Tests/bin/Debug/NSubstitute.Tests.DLL" adapterTypeName="Microsoft.VisualStudio.TestTools.TestTypes.Unit.UnitTestAdapter, Microsoft.VisualStudio.QualityTools.Tips.UnitTest.Adapter, Version=10.0.0.0, Culture=neutral, PublicKeyToken=b03f5f7f11d50a3a" className="NSubstitute.Tests.AutoRecursiveMocks, NSubstitute.Tests, Version=1.0.0.0, Culture=neutral, PublicKeyToken=null" name="Test_AutoRecursiveMocks_CallRecursivelySubbed" />
    </UnitTest>
    <UnitTest name="Test_AutoRecursiveMocks_SubstituteChains" storage="c:\users\gaoc\downloads\nsubstitute-master\source\nsubstitute.tests\bin\debug\nsubstitute.tests.dll" id="80d0ab2b-6882-1388-d3ce-cd7ff4dff79d">
      <Execution id="7dabf4c3-cc2e-4988-b5da-ec1706dc1e2f" />
      <TestMethod codeBase="C:/Users/gaoc/Downloads/NSubstitute-master/Source/NSubstitute.Tests/bin/Debug/NSubstitute.Tests.DLL" adapterTypeName="Microsoft.VisualStudio.TestTools.TestTypes.Unit.UnitTestAdapter, Microsoft.VisualStudio.QualityTools.Tips.UnitTest.Adapter, Version=10.0.0.0, Culture=neutral, PublicKeyToken=b03f5f7f11d50a3a" className="NSubstitute.Tests.AutoRecursiveMocks, NSubstitute.Tests, Version=1.0.0.0, Culture=neutral, PublicKeyToken=null" name="Test_AutoRecursiveMocks_SubstituteChains" />
    </UnitTest>
    <UnitTest name="Test_AutoRecursiveMocks_AutoValues" storage="c:\users\gaoc\downloads\nsubstitute-master\source\nsubstitute.tests\bin\debug\nsubstitute.tests.dll" id="bbc6f144-5d6b-b0ae-1df1-243bea6ff857">
      <Execution id="178d05ac-4296-402a-a45d-cfe3e5d298f8" />
      <TestMethod codeBase="C:/Users/gaoc/Downloads/NSubstitute-master/Source/NSubstitute.Tests/bin/Debug/NSubstitute.Tests.DLL" adapterTypeName="Microsoft.VisualStudio.TestTools.TestTypes.Unit.UnitTestAdapter, Microsoft.VisualStudio.QualityTools.Tips.UnitTest.Adapter, Version=10.0.0.0, Culture=neutral, PublicKeyToken=b03f5f7f11d50a3a" className="NSubstitute.Tests.AutoRecursiveMocks, NSubstitute.Tests, Version=1.0.0.0, Culture=neutral, PublicKeyToken=null" name="Test_AutoRecursiveMocks_AutoValues" />
    </UnitTest>
  </TestDefinitions>
  <TestLists>
    <TestList name="Results Not in a List" id="8c84fa94-04c1-424b-9868-57a2d4851a1d" />
    <TestList name="All Loaded Results" id="19431567-8539-422a-85d7-44ee4e166bda" />
  </TestLists>
  <TestEntries>
    <TestEntry testId="61c5d9ef-a0e1-b5eb-9ccd-95af148c688e" executionId="f39c1468-c0b3-4998-b5de-1d3ea15716b7" testListId="8c84fa94-04c1-424b-9868-57a2d4851a1d" />
    <TestEntry testId="80d0ab2b-6882-1388-d3ce-cd7ff4dff79d" executionId="7dabf4c3-cc2e-4988-b5da-ec1706dc1e2f" testListId="8c84fa94-04c1-424b-9868-57a2d4851a1d" />
    <TestEntry testId="bbc6f144-5d6b-b0ae-1df1-243bea6ff857" executionId="178d05ac-4296-402a-a45d-cfe3e5d298f8" testListId="8c84fa94-04c1-424b-9868-57a2d4851a1d" />
    <TestEntry testId="d0932b71-180b-d30b-a469-58bd2a72b7ac" executionId="4adf38ec-d85c-415e-8cc9-825295198569" testListId="8c84fa94-04c1-424b-9868-57a2d4851a1d" />
    <TestEntry testId="ea2938e8-6df8-38dc-d8db-acc3972a68a3" executionId="c6c43986-e3d6-4943-b7ef-f065fe4de840" testListId="8c84fa94-04c1-424b-9868-57a2d4851a1d" />
  </TestEntries>
  <Results>
    <UnitTestResult executionId="f39c1468-c0b3-4998-b5de-1d3ea15716b7" testId="61c5d9ef-a0e1-b5eb-9ccd-95af148c688e" testName="Test_AutoRecursiveMocks_ManuallyCreateSubstitutes" computerName="EPEKW-Q1100020" duration="00:00:00.1531750" startTime="2013-05-22T12:42:43.7268674+08:00" endTime="2013-05-22T12:42:44.0508674+08:00" testType="13cdc9d9-ddb5-4fa4-a97d-d965ccfc6d4b" outcome="Passed" testListId="8c84fa94-04c1-424b-9868-57a2d4851a1d" relativeResultsDirectory="f39c1468-c0b3-4998-b5de-1d3ea15716b7">
    </UnitTestResult>
    <UnitTestResult executionId="7dabf4c3-cc2e-4988-b5da-ec1706dc1e2f" testId="80d0ab2b-6882-1388-d3ce-cd7ff4dff79d" testName="Test_AutoRecursiveMocks_SubstituteChains" computerName="EPEKW-Q1100020" duration="00:00:00.0121773" startTime="2013-05-22T12:42:44.0538674+08:00" endTime="2013-05-22T12:42:44.0688674+08:00" testType="13cdc9d9-ddb5-4fa4-a97d-d965ccfc6d4b" outcome="Passed" testListId="8c84fa94-04c1-424b-9868-57a2d4851a1d" relativeResultsDirectory="7dabf4c3-cc2e-4988-b5da-ec1706dc1e2f">
    </UnitTestResult>
    <UnitTestResult executionId="178d05ac-4296-402a-a45d-cfe3e5d298f8" testId="bbc6f144-5d6b-b0ae-1df1-243bea6ff857" testName="Test_AutoRecursiveMocks_AutoValues" computerName="EPEKW-Q1100020" duration="00:00:00.0005550" startTime="2013-05-22T12:42:44.0708674+08:00" endTime="2013-05-22T12:42:44.0758674+08:00" testType="13cdc9d9-ddb5-4fa4-a97d-d965ccfc6d4b" outcome="Passed" testListId="8c84fa94-04c1-424b-9868-57a2d4851a1d" relativeResultsDirectory="178d05ac-4296-402a-a45d-cfe3e5d298f8">
    </UnitTestResult>
    <UnitTestResult executionId="4adf38ec-d85c-415e-8cc9-825295198569" testId="d0932b71-180b-d30b-a469-58bd2a72b7ac" testName="Test_AutoRecursiveMocks_CallRecursivelySubbed" computerName="EPEKW-Q1100020" duration="00:00:00.0005273" startTime="2013-05-22T12:42:44.0868674+08:00" endTime="2013-05-22T12:42:44.0898674+08:00" testType="13cdc9d9-ddb5-4fa4-a97d-d965ccfc6d4b" outcome="Passed" testListId="8c84fa94-04c1-424b-9868-57a2d4851a1d" relativeResultsDirectory="4adf38ec-d85c-415e-8cc9-825295198569">
    </UnitTestResult>
    <UnitTestResult executionId="c6c43986-e3d6-4943-b7ef-f065fe4de840" testId="ea2938e8-6df8-38dc-d8db-acc3972a68a3" testName="Test_AutoRecursiveMocks_AutomaticallyCreateSubstitutes" computerName="EPEKW-Q1100020" duration="00:00:00.0004701" startTime="2013-05-22T12:42:44.0928674+08:00" endTime="2013-05-22T12:42:44.1048674+08:00" testType="13cdc9d9-ddb5-4fa4-a97d-d965ccfc6d4b" outcome="Passed" testListId="8c84fa94-04c1-424b-9868-57a2d4851a1d" relativeResultsDirectory="c6c43986-e3d6-4943-b7ef-f065fe4de840">
    </UnitTestResult>
  </Results>
</TestRun>