<?xml version="1.0" encoding="UTF-8"?>
<TestRun id="a42029dd-1990-4985-bcd6-c2b063c97abf" name="gaoc@EPEKW-Q1100020 2013-05-22 10:49:45" runUser="IGTMASTER\gaoc" xmlns="http://microsoft.com/schemas/VisualStudio/TeamTest/2010">
  <TestSettings name="Local" id="4ca49d67-0d66-4a55-b4b3-2d739b980c55">
    <Description>These are default test settings for a local test run.</Description>
    <Deployment enabled="false" runDeploymentRoot="gaoc_EPEKW-Q1100020 2013-05-22 10_49_45">
      <DeploymentItem filename="C:\Users\gaoc\Downloads\NSubstitute-master\Output\Debug\NET35\NSubstitute\NSubstitute.dll" />
    </Deployment>
    <Execution>
      <TestTypeSpecific />
      <AgentRule name="Execution Agents">
      </AgentRule>
    </Execution>
  </TestSettings>
  <Times creation="2013-05-22T10:49:45.6722801+08:00" queuing="2013-05-22T10:49:45.7171586+08:00" start="2013-05-22T10:49:45.7490722+08:00" finish="2013-05-22T10:49:46.1360246+08:00" />
  <ResultSummary outcome="Completed">
    <Counters total="1" executed="1" passed="1" error="0" failed="0" timeout="0" aborted="0" inconclusive="0" passedButRunAborted="0" notRunnable="0" notExecuted="0" disconnected="0" warning="0" completed="0" inProgress="0" pending="0" />
  </ResultSummary>
  <TestDefinitions>
    <UnitTest name="Test_ArgumentMatchers_ConditionallyMatchingThrowException" storage="c:\users\gaoc\downloads\nsubstitute-master\source\nsubstitute.tests\bin\debug\nsubstitute.tests.dll" id="ece0a6f3-63de-fab5-3354-7d9f3344d1fc">
      <Execution id="b98259b1-08aa-4da2-a0b7-455b322c4ea3" />
      <TestMethod codeBase="C:/Users/gaoc/Downloads/NSubstitute-master/Source/NSubstitute.Tests/bin/Debug/NSubstitute.Tests.DLL" adapterTypeName="Microsoft.VisualStudio.TestTools.TestTypes.Unit.UnitTestAdapter, Microsoft.VisualStudio.QualityTools.Tips.UnitTest.Adapter, Version=10.0.0.0, Culture=neutral, PublicKeyToken=b03f5f7f11d50a3a" className="NSubstitute.Tests.ArgumentMatchers, NSubstitute.Tests, Version=1.0.0.0, Culture=neutral, PublicKeyToken=null" name="Test_ArgumentMatchers_ConditionallyMatchingThrowException" />
    </UnitTest>
  </TestDefinitions>
  <TestLists>
    <TestList name="Results Not in a List" id="8c84fa94-04c1-424b-9868-57a2d4851a1d" />
    <TestList name="All Loaded Results" id="19431567-8539-422a-85d7-44ee4e166bda" />
  </TestLists>
  <TestEntries>
    <TestEntry testId="ece0a6f3-63de-fab5-3354-7d9f3344d1fc" executionId="b98259b1-08aa-4da2-a0b7-455b322c4ea3" testListId="8c84fa94-04c1-424b-9868-57a2d4851a1d" />
  </TestEntries>
  <Results>
    <UnitTestResult executionId="b98259b1-08aa-4da2-a0b7-455b322c4ea3" testId="ece0a6f3-63de-fab5-3354-7d9f3344d1fc" testName="Test_ArgumentMatchers_ConditionallyMatchingThrowException" computerName="EPEKW-Q1100020" duration="00:00:00.1613737" startTime="2013-05-22T10:49:45.7570506+08:00" endTime="2013-05-22T10:49:46.0921434+08:00" testType="13cdc9d9-ddb5-4fa4-a97d-d965ccfc6d4b" outcome="Passed" testListId="8c84fa94-04c1-424b-9868-57a2d4851a1d" relativeResultsDirectory="b98259b1-08aa-4da2-a0b7-455b322c4ea3">
    </UnitTestResult>
  </Results>
</TestRun>