<?xml version="1.0" encoding="UTF-8"?>
<TestRun id="aeebdf2d-70d6-4411-93fb-11086b12d930" name="gaoc@EPEKW-Q1100020 2013-05-22 13:02:40" runUser="IGTMASTER\gaoc" xmlns="http://microsoft.com/schemas/VisualStudio/TeamTest/2010">
  <TestSettings name="Local" id="4ca49d67-0d66-4a55-b4b3-2d739b980c55">
    <Description>These are default test settings for a local test run.</Description>
    <Deployment enabled="false" runDeploymentRoot="gaoc_EPEKW-Q1100020 2013-05-22 13_02_40">
      <DeploymentItem filename="C:\Users\gaoc\Downloads\NSubstitute-master\Output\Debug\NET35\NSubstitute\NSubstitute.dll" />
    </Deployment>
    <Execution>
      <TestTypeSpecific />
      <AgentRule name="Execution Agents">
      </AgentRule>
    </Execution>
  </TestSettings>
  <Times creation="2013-05-22T13:02:40.2438674+08:00" queuing="2013-05-22T13:02:40.3108674+08:00" start="2013-05-22T13:02:40.3318674+08:00" finish="2013-05-22T13:02:40.7528674+08:00" />
  <ResultSummary outcome="Failed">
    <Counters total="4" executed="4" passed="3" error="0" failed="1" timeout="0" aborted="0" inconclusive="0" passedButRunAborted="0" notRunnable="0" notExecuted="0" disconnected="0" warning="0" completed="0" inProgress="0" pending="0" />
  </ResultSummary>
  <TestDefinitions>
    <UnitTest name="Test_ActionsWithArgumentMatchers_PerformingActionsWithAnyArgs" storage="c:\users\gaoc\downloads\nsubstitute-master\source\nsubstitute.tests\bin\debug\nsubstitute.tests.dll" id="68bbdd05-977b-3117-bad0-4a793312f50f">
      <Execution id="cbff3a46-3e51-46ff-b2ce-5f6f5435d1e6" />
      <TestMethod codeBase="C:/Users/gaoc/Downloads/NSubstitute-master/Source/NSubstitute.Tests/bin/Debug/NSubstitute.Tests.DLL" adapterTypeName="Microsoft.VisualStudio.TestTools.TestTypes.Unit.UnitTestAdapter, Microsoft.VisualStudio.QualityTools.Tips.UnitTest.Adapter, Version=10.0.0.0, Culture=neutral, PublicKeyToken=b03f5f7f11d50a3a" className="NSubstitute.Tests.ActionsWithArgumentMatchers, NSubstitute.Tests, Version=1.0.0.0, Culture=neutral, PublicKeyToken=null" name="Test_ActionsWithArgumentMatchers_PerformingActionsWithAnyArgs" />
    </UnitTest>
    <UnitTest name="Test_ActionsWithArgumentMatchers_PerformingActionsWithArgs" storage="c:\users\gaoc\downloads\nsubstitute-master\source\nsubstitute.tests\bin\debug\nsubstitute.tests.dll" id="35b4b551-44ca-6808-3bea-6c4bed612170">
      <Execution id="dd6f4d0a-f2cf-427f-9179-51568a340d4f" />
      <TestMethod codeBase="C:/Users/gaoc/Downloads/NSubstitute-master/Source/NSubstitute.Tests/bin/Debug/NSubstitute.Tests.DLL" adapterTypeName="Microsoft.VisualStudio.TestTools.TestTypes.Unit.UnitTestAdapter, Microsoft.VisualStudio.QualityTools.Tips.UnitTest.Adapter, Version=10.0.0.0, Culture=neutral, PublicKeyToken=b03f5f7f11d50a3a" className="NSubstitute.Tests.ActionsWithArgumentMatchers, NSubstitute.Tests, Version=1.0.0.0, Culture=neutral, PublicKeyToken=null" name="Test_ActionsWithArgumentMatchers_PerformingActionsWithArgs" />
    </UnitTest>
    <UnitTest name="Test_ActionsWithArgumentMatchers_ArgActionsCallSpec" storage="c:\users\gaoc\downloads\nsubstitute-master\source\nsubstitute.tests\bin\debug\nsubstitute.tests.dll" id="5aafc54a-b79f-942c-8da6-576a95145a8b">
      <Execution id="14eb42da-6b43-4549-837d-3a8d9d7bd8ff" />
      <TestMethod codeBase="C:/Users/gaoc/Downloads/NSubstitute-master/Source/NSubstitute.Tests/bin/Debug/NSubstitute.Tests.DLL" adapterTypeName="Microsoft.VisualStudio.TestTools.TestTypes.Unit.UnitTestAdapter, Microsoft.VisualStudio.QualityTools.Tips.UnitTest.Adapter, Version=10.0.0.0, Culture=neutral, PublicKeyToken=b03f5f7f11d50a3a" className="NSubstitute.Tests.ActionsWithArgumentMatchers, NSubstitute.Tests, Version=1.0.0.0, Culture=neutral, PublicKeyToken=null" name="Test_ActionsWithArgumentMatchers_ArgActionsCallSpec" />
    </UnitTest>
    <UnitTest name="Test_ActionsWithArgumentMatchers_InvokingCallbacks" storage="c:\users\gaoc\downloads\nsubstitute-master\source\nsubstitute.tests\bin\debug\nsubstitute.tests.dll" id="8e591eb5-d291-8b0a-d7cb-27c1fb7e8949">
      <Execution id="aa6e1682-330d-4902-99be-c8a4113c0f0e" />
      <TestMethod codeBase="C:/Users/gaoc/Downloads/NSubstitute-master/Source/NSubstitute.Tests/bin/Debug/NSubstitute.Tests.DLL" adapterTypeName="Microsoft.VisualStudio.TestTools.TestTypes.Unit.UnitTestAdapter, Microsoft.VisualStudio.QualityTools.Tips.UnitTest.Adapter, Version=10.0.0.0, Culture=neutral, PublicKeyToken=b03f5f7f11d50a3a" className="NSubstitute.Tests.ActionsWithArgumentMatchers, NSubstitute.Tests, Version=1.0.0.0, Culture=neutral, PublicKeyToken=null" name="Test_ActionsWithArgumentMatchers_InvokingCallbacks" />
    </UnitTest>
  </TestDefinitions>
  <TestLists>
    <TestList name="Results Not in a List" id="8c84fa94-04c1-424b-9868-57a2d4851a1d" />
    <TestList name="All Loaded Results" id="19431567-8539-422a-85d7-44ee4e166bda" />
  </TestLists>
  <TestEntries>
    <TestEntry testId="35b4b551-44ca-6808-3bea-6c4bed612170" executionId="dd6f4d0a-f2cf-427f-9179-51568a340d4f" testListId="8c84fa94-04c1-424b-9868-57a2d4851a1d" />
    <TestEntry testId="5aafc54a-b79f-942c-8da6-576a95145a8b" executionId="14eb42da-6b43-4549-837d-3a8d9d7bd8ff" testListId="8c84fa94-04c1-424b-9868-57a2d4851a1d" />
    <TestEntry testId="68bbdd05-977b-3117-bad0-4a793312f50f" executionId="cbff3a46-3e51-46ff-b2ce-5f6f5435d1e6" testListId="8c84fa94-04c1-424b-9868-57a2d4851a1d" />
    <TestEntry testId="8e591eb5-d291-8b0a-d7cb-27c1fb7e8949" executionId="aa6e1682-330d-4902-99be-c8a4113c0f0e" testListId="8c84fa94-04c1-424b-9868-57a2d4851a1d" />
  </TestEntries>
  <Results>
    <UnitTestResult executionId="dd6f4d0a-f2cf-427f-9179-51568a340d4f" testId="35b4b551-44ca-6808-3bea-6c4bed612170" testName="Test_ActionsWithArgumentMatchers_PerformingActionsWithArgs" computerName="EPEKW-Q1100020" duration="00:00:00.1437481" startTime="2013-05-22T13:02:40.3348674+08:00" endTime="2013-05-22T13:02:40.6438674+08:00" testType="13cdc9d9-ddb5-4fa4-a97d-d965ccfc6d4b" outcome="Passed" testListId="8c84fa94-04c1-424b-9868-57a2d4851a1d" relativeResultsDirectory="dd6f4d0a-f2cf-427f-9179-51568a340d4f">
    </UnitTestResult>
    <UnitTestResult executionId="14eb42da-6b43-4549-837d-3a8d9d7bd8ff" testId="5aafc54a-b79f-942c-8da6-576a95145a8b" testName="Test_ActionsWithArgumentMatchers_ArgActionsCallSpec" computerName="EPEKW-Q1100020" duration="00:00:00.0207503" startTime="2013-05-22T13:02:40.6488674+08:00" endTime="2013-05-22T13:02:40.6748674+08:00" testType="13cdc9d9-ddb5-4fa4-a97d-d965ccfc6d4b" outcome="Failed" testListId="8c84fa94-04c1-424b-9868-57a2d4851a1d" relativeResultsDirectory="14eb42da-6b43-4549-837d-3a8d9d7bd8ff">
      <Output>
        <ErrorInfo>
          <Message>Assert.AreEqual failed. Expected:&lt;System.Int32[]&gt;. Actual:&lt;System.Int32[]&gt;. </Message>
          <StackTrace>   at NSubstitute.Tests.ActionsWithArgumentMatchers.Test_ActionsWithArgumentMatchers_ArgActionsCallSpec() in C:\Users\gaoc\Downloads\NSubstitute-master\Source\NSubstitute.Tests\17.ActionsWithArgumentMatchers.cs:line 123
</StackTrace>
        </ErrorInfo>
      </Output>
    </UnitTestResult>
    <UnitTestResult executionId="cbff3a46-3e51-46ff-b2ce-5f6f5435d1e6" testId="68bbdd05-977b-3117-bad0-4a793312f50f" testName="Test_ActionsWithArgumentMatchers_PerformingActionsWithAnyArgs" computerName="EPEKW-Q1100020" duration="00:00:00.0019176" startTime="2013-05-22T13:02:40.6828674+08:00" endTime="2013-05-22T13:02:40.6998674+08:00" testType="13cdc9d9-ddb5-4fa4-a97d-d965ccfc6d4b" outcome="Passed" testListId="8c84fa94-04c1-424b-9868-57a2d4851a1d" relativeResultsDirectory="cbff3a46-3e51-46ff-b2ce-5f6f5435d1e6">
    </UnitTestResult>
    <UnitTestResult executionId="aa6e1682-330d-4902-99be-c8a4113c0f0e" testId="8e591eb5-d291-8b0a-d7cb-27c1fb7e8949" testName="Test_ActionsWithArgumentMatchers_InvokingCallbacks" computerName="EPEKW-Q1100020" duration="00:00:00.0226830" startTime="2013-05-22T13:02:40.7018674+08:00" endTime="2013-05-22T13:02:40.7338674+08:00" testType="13cdc9d9-ddb5-4fa4-a97d-d965ccfc6d4b" outcome="Passed" testListId="8c84fa94-04c1-424b-9868-57a2d4851a1d" relativeResultsDirectory="aa6e1682-330d-4902-99be-c8a4113c0f0e">
    </UnitTestResult>
  </Results>
</TestRun>