<?xml version="1.0" encoding="UTF-8"?>
<TestRun id="40a47d9b-57a0-48b9-9c19-e4884c8bdb27" name="gaoc@EPEKW-Q1100020 2013-05-22 12:41:37" runUser="IGTMASTER\gaoc" xmlns="http://microsoft.com/schemas/VisualStudio/TeamTest/2010">
  <TestSettings name="Local" id="4ca49d67-0d66-4a55-b4b3-2d739b980c55">
    <Description>These are default test settings for a local test run.</Description>
    <Deployment enabled="false" runDeploymentRoot="gaoc_EPEKW-Q1100020 2013-05-22 12_41_37">
      <DeploymentItem filename="C:\Users\gaoc\Downloads\NSubstitute-master\Output\Debug\NET35\NSubstitute\NSubstitute.dll" />
    </Deployment>
    <Execution>
      <TestTypeSpecific />
      <AgentRule name="Execution Agents">
      </AgentRule>
    </Execution>
  </TestSettings>
  <Times creation="2013-05-22T12:41:37.2888674+08:00" queuing="2013-05-22T12:41:38.1948674+08:00" start="2013-05-22T12:41:38.2338674+08:00" finish="2013-05-22T12:41:38.8908674+08:00" />
  <ResultSummary outcome="Failed">
    <Counters total="5" executed="5" passed="4" error="0" failed="1" timeout="0" aborted="0" inconclusive="0" passedButRunAborted="0" notRunnable="0" notExecuted="0" disconnected="0" warning="0" completed="0" inProgress="0" pending="0" />
  </ResultSummary>
  <TestDefinitions>
    <UnitTest name="Test_AutoRecursiveMocks_ManuallyCreateSubstitutes" storage="c:\users\gaoc\downloads\nsubstitute-master\source\nsubstitute.tests\bin\debug\nsubstitute.tests.dll" id="61c5d9ef-a0e1-b5eb-9ccd-95af148c688e">
      <Execution id="85f03641-1df8-4ce9-8863-1a3b3dca6c42" />
      <TestMethod codeBase="C:/Users/gaoc/Downloads/NSubstitute-master/Source/NSubstitute.Tests/bin/Debug/NSubstitute.Tests.DLL" adapterTypeName="Microsoft.VisualStudio.TestTools.TestTypes.Unit.UnitTestAdapter, Microsoft.VisualStudio.QualityTools.Tips.UnitTest.Adapter, Version=10.0.0.0, Culture=neutral, PublicKeyToken=b03f5f7f11d50a3a" className="NSubstitute.Tests.AutoRecursiveMocks, NSubstitute.Tests, Version=1.0.0.0, Culture=neutral, PublicKeyToken=null" name="Test_AutoRecursiveMocks_ManuallyCreateSubstitutes" />
    </UnitTest>
    <UnitTest name="Test_AutoRecursiveMocks_AutomaticallyCreateSubstitutes" storage="c:\users\gaoc\downloads\nsubstitute-master\source\nsubstitute.tests\bin\debug\nsubstitute.tests.dll" id="ea2938e8-6df8-38dc-d8db-acc3972a68a3">
      <Execution id="7f8e9db9-dc69-44cc-bb05-fefe48a75c96" />
      <TestMethod codeBase="C:/Users/gaoc/Downloads/NSubstitute-master/Source/NSubstitute.Tests/bin/Debug/NSubstitute.Tests.DLL" adapterTypeName="Microsoft.VisualStudio.TestTools.TestTypes.Unit.UnitTestAdapter, Microsoft.VisualStudio.QualityTools.Tips.UnitTest.Adapter, Version=10.0.0.0, Culture=neutral, PublicKeyToken=b03f5f7f11d50a3a" className="NSubstitute.Tests.AutoRecursiveMocks, NSubstitute.Tests, Version=1.0.0.0, Culture=neutral, PublicKeyToken=null" name="Test_AutoRecursiveMocks_AutomaticallyCreateSubstitutes" />
    </UnitTest>
    <UnitTest name="Test_AutoRecursiveMocks_CallRecursivelySubbed" storage="c:\users\gaoc\downloads\nsubstitute-master\source\nsubstitute.tests\bin\debug\nsubstitute.tests.dll" id="d0932b71-180b-d30b-a469-58bd2a72b7ac">
      <Execution id="5ffe920e-3234-4341-96ef-e9c2f8da0fe8" />
      <TestMethod codeBase="C:/Users/gaoc/Downloads/NSubstitute-master/Source/NSubstitute.Tests/bin/Debug/NSubstitute.Tests.DLL" adapterTypeName="Microsoft.VisualStudio.TestTools.TestTypes.Unit.UnitTestAdapter, Microsoft.VisualStudio.QualityTools.Tips.UnitTest.Adapter, Version=10.0.0.0, Culture=neutral, PublicKeyToken=b03f5f7f11d50a3a" className="NSubstitute.Tests.AutoRecursiveMocks, NSubstitute.Tests, Version=1.0.0.0, Culture=neutral, PublicKeyToken=null" name="Test_AutoRecursiveMocks_CallRecursivelySubbed" />
    </UnitTest>
    <UnitTest name="Test_AutoRecursiveMocks_SubstituteChains" storage="c:\users\gaoc\downloads\nsubstitute-master\source\nsubstitute.tests\bin\debug\nsubstitute.tests.dll" id="80d0ab2b-6882-1388-d3ce-cd7ff4dff79d">
      <Execution id="ba20cfd8-5b47-498c-9752-cb6e1317891b" />
      <TestMethod codeBase="C:/Users/gaoc/Downloads/NSubstitute-master/Source/NSubstitute.Tests/bin/Debug/NSubstitute.Tests.DLL" adapterTypeName="Microsoft.VisualStudio.TestTools.TestTypes.Unit.UnitTestAdapter, Microsoft.VisualStudio.QualityTools.Tips.UnitTest.Adapter, Version=10.0.0.0, Culture=neutral, PublicKeyToken=b03f5f7f11d50a3a" className="NSubstitute.Tests.AutoRecursiveMocks, NSubstitute.Tests, Version=1.0.0.0, Culture=neutral, PublicKeyToken=null" name="Test_AutoRecursiveMocks_SubstituteChains" />
    </UnitTest>
    <UnitTest name="Test_AutoRecursiveMocks_AutoValues" storage="c:\users\gaoc\downloads\nsubstitute-master\source\nsubstitute.tests\bin\debug\nsubstitute.tests.dll" id="bbc6f144-5d6b-b0ae-1df1-243bea6ff857">
      <Execution id="34aab44f-4159-4a13-a3c7-65a8753bba1a" />
      <TestMethod codeBase="C:/Users/gaoc/Downloads/NSubstitute-master/Source/NSubstitute.Tests/bin/Debug/NSubstitute.Tests.DLL" adapterTypeName="Microsoft.VisualStudio.TestTools.TestTypes.Unit.UnitTestAdapter, Microsoft.VisualStudio.QualityTools.Tips.UnitTest.Adapter, Version=10.0.0.0, Culture=neutral, PublicKeyToken=b03f5f7f11d50a3a" className="NSubstitute.Tests.AutoRecursiveMocks, NSubstitute.Tests, Version=1.0.0.0, Culture=neutral, PublicKeyToken=null" name="Test_AutoRecursiveMocks_AutoValues" />
    </UnitTest>
  </TestDefinitions>
  <TestLists>
    <TestList name="Results Not in a List" id="8c84fa94-04c1-424b-9868-57a2d4851a1d" />
    <TestList name="All Loaded Results" id="19431567-8539-422a-85d7-44ee4e166bda" />
  </TestLists>
  <TestEntries>
    <TestEntry testId="61c5d9ef-a0e1-b5eb-9ccd-95af148c688e" executionId="85f03641-1df8-4ce9-8863-1a3b3dca6c42" testListId="8c84fa94-04c1-424b-9868-57a2d4851a1d" />
    <TestEntry testId="80d0ab2b-6882-1388-d3ce-cd7ff4dff79d" executionId="ba20cfd8-5b47-498c-9752-cb6e1317891b" testListId="8c84fa94-04c1-424b-9868-57a2d4851a1d" />
    <TestEntry testId="bbc6f144-5d6b-b0ae-1df1-243bea6ff857" executionId="34aab44f-4159-4a13-a3c7-65a8753bba1a" testListId="8c84fa94-04c1-424b-9868-57a2d4851a1d" />
    <TestEntry testId="d0932b71-180b-d30b-a469-58bd2a72b7ac" executionId="5ffe920e-3234-4341-96ef-e9c2f8da0fe8" testListId="8c84fa94-04c1-424b-9868-57a2d4851a1d" />
    <TestEntry testId="ea2938e8-6df8-38dc-d8db-acc3972a68a3" executionId="7f8e9db9-dc69-44cc-bb05-fefe48a75c96" testListId="8c84fa94-04c1-424b-9868-57a2d4851a1d" />
  </TestEntries>
  <Results>
    <UnitTestResult executionId="85f03641-1df8-4ce9-8863-1a3b3dca6c42" testId="61c5d9ef-a0e1-b5eb-9ccd-95af148c688e" testName="Test_AutoRecursiveMocks_ManuallyCreateSubstitutes" computerName="EPEKW-Q1100020" duration="00:00:00.1539829" startTime="2013-05-22T12:41:38.2638674+08:00" endTime="2013-05-22T12:41:38.7398674+08:00" testType="13cdc9d9-ddb5-4fa4-a97d-d965ccfc6d4b" outcome="Passed" testListId="8c84fa94-04c1-424b-9868-57a2d4851a1d" relativeResultsDirectory="85f03641-1df8-4ce9-8863-1a3b3dca6c42">
    </UnitTestResult>
    <UnitTestResult executionId="ba20cfd8-5b47-498c-9752-cb6e1317891b" testId="80d0ab2b-6882-1388-d3ce-cd7ff4dff79d" testName="Test_AutoRecursiveMocks_SubstituteChains" computerName="EPEKW-Q1100020" duration="00:00:00.0117571" startTime="2013-05-22T12:41:38.7418674+08:00" endTime="2013-05-22T12:41:38.7568674+08:00" testType="13cdc9d9-ddb5-4fa4-a97d-d965ccfc6d4b" outcome="Passed" testListId="8c84fa94-04c1-424b-9868-57a2d4851a1d" relativeResultsDirectory="ba20cfd8-5b47-498c-9752-cb6e1317891b">
    </UnitTestResult>
    <UnitTestResult executionId="34aab44f-4159-4a13-a3c7-65a8753bba1a" testId="bbc6f144-5d6b-b0ae-1df1-243bea6ff857" testName="Test_AutoRecursiveMocks_AutoValues" computerName="EPEKW-Q1100020" duration="00:00:00.0755659" startTime="2013-05-22T12:41:38.7588674+08:00" endTime="2013-05-22T12:41:38.8368674+08:00" testType="13cdc9d9-ddb5-4fa4-a97d-d965ccfc6d4b" outcome="Passed" testListId="8c84fa94-04c1-424b-9868-57a2d4851a1d" relativeResultsDirectory="34aab44f-4159-4a13-a3c7-65a8753bba1a">
    </UnitTestResult>
    <UnitTestResult executionId="5ffe920e-3234-4341-96ef-e9c2f8da0fe8" testId="d0932b71-180b-d30b-a469-58bd2a72b7ac" testName="Test_AutoRecursiveMocks_CallRecursivelySubbed" computerName="EPEKW-Q1100020" duration="00:00:00.0005143" startTime="2013-05-22T12:41:38.8398674+08:00" endTime="2013-05-22T12:41:38.8418674+08:00" testType="13cdc9d9-ddb5-4fa4-a97d-d965ccfc6d4b" outcome="Passed" testListId="8c84fa94-04c1-424b-9868-57a2d4851a1d" relativeResultsDirectory="5ffe920e-3234-4341-96ef-e9c2f8da0fe8">
    </UnitTestResult>
    <UnitTestResult executionId="7f8e9db9-dc69-44cc-bb05-fefe48a75c96" testId="ea2938e8-6df8-38dc-d8db-acc3972a68a3" testName="Test_AutoRecursiveMocks_AutomaticallyCreateSubstitutes" computerName="EPEKW-Q1100020" duration="00:00:00.0174876" startTime="2013-05-22T12:41:38.8448674+08:00" endTime="2013-05-22T12:41:38.8638674+08:00" testType="13cdc9d9-ddb5-4fa4-a97d-d965ccfc6d4b" outcome="Failed" testListId="8c84fa94-04c1-424b-9868-57a2d4851a1d" relativeResultsDirectory="7f8e9db9-dc69-44cc-bb05-fefe48a75c96">
      <Output>
        <ErrorInfo>
          <Message>Assert.AreEqual failed. Expected:&lt;System.Int32[]&gt;. Actual:&lt;System.Int32[]&gt;. </Message>
          <StackTrace>   at NSubstitute.Tests.AutoRecursiveMocks.Test_AutoRecursiveMocks_AutomaticallyCreateSubstitutes() in C:\Users\gaoc\Downloads\NSubstitute-master\Source\NSubstitute.Tests\15.AutoRecursiveMocks.cs:line 40
</StackTrace>
        </ErrorInfo>
      </Output>
    </UnitTestResult>
  </Results>
</TestRun>