<?xml version="1.0" encoding="UTF-8"?>
<TestRun id="2e649dc8-247d-4705-8a19-0023d151500f" name="gaoc@EPEKW-Q1100020 2013-05-22 13:05:51" runUser="IGTMASTER\gaoc" xmlns="http://microsoft.com/schemas/VisualStudio/TeamTest/2010">
  <TestSettings name="Local" id="4ca49d67-0d66-4a55-b4b3-2d739b980c55">
    <Description>These are default test settings for a local test run.</Description>
    <Deployment enabled="false" runDeploymentRoot="gaoc_EPEKW-Q1100020 2013-05-22 13_05_51">
      <DeploymentItem filename="C:\Users\gaoc\Downloads\NSubstitute-master\Output\Debug\NET35\NSubstitute\NSubstitute.dll" />
    </Deployment>
    <Execution>
      <TestTypeSpecific />
      <AgentRule name="Execution Agents">
      </AgentRule>
    </Execution>
  </TestSettings>
  <Times creation="2013-05-22T13:05:51.3758674+08:00" queuing="2013-05-22T13:05:51.4568674+08:00" start="2013-05-22T13:05:51.4768674+08:00" finish="2013-05-22T13:05:51.8288674+08:00" />
  <ResultSummary outcome="Completed">
    <Counters total="1" executed="1" passed="1" error="0" failed="0" timeout="0" aborted="0" inconclusive="0" passedButRunAborted="0" notRunnable="0" notExecuted="0" disconnected="0" warning="0" completed="0" inProgress="0" pending="0" />
  </ResultSummary>
  <TestDefinitions>
    <UnitTest name="Test_ActionsWithArgumentMatchers_ArgActionsCallSpec" storage="c:\users\gaoc\downloads\nsubstitute-master\source\nsubstitute.tests\bin\debug\nsubstitute.tests.dll" id="5aafc54a-b79f-942c-8da6-576a95145a8b">
      <Execution id="896054f3-46c3-4509-b143-0efaa69ed11a" />
      <TestMethod codeBase="C:/Users/gaoc/Downloads/NSubstitute-master/Source/NSubstitute.Tests/bin/Debug/NSubstitute.Tests.DLL" adapterTypeName="Microsoft.VisualStudio.TestTools.TestTypes.Unit.UnitTestAdapter, Microsoft.VisualStudio.QualityTools.Tips.UnitTest.Adapter, Version=10.0.0.0, Culture=neutral, PublicKeyToken=b03f5f7f11d50a3a" className="NSubstitute.Tests.ActionsWithArgumentMatchers, NSubstitute.Tests, Version=1.0.0.0, Culture=neutral, PublicKeyToken=null" name="Test_ActionsWithArgumentMatchers_ArgActionsCallSpec" />
    </UnitTest>
  </TestDefinitions>
  <TestLists>
    <TestList name="Results Not in a List" id="8c84fa94-04c1-424b-9868-57a2d4851a1d" />
    <TestList name="All Loaded Results" id="19431567-8539-422a-85d7-44ee4e166bda" />
  </TestLists>
  <TestEntries>
    <TestEntry testId="5aafc54a-b79f-942c-8da6-576a95145a8b" executionId="896054f3-46c3-4509-b143-0efaa69ed11a" testListId="8c84fa94-04c1-424b-9868-57a2d4851a1d" />
  </TestEntries>
  <Results>
    <UnitTestResult executionId="896054f3-46c3-4509-b143-0efaa69ed11a" testId="5aafc54a-b79f-942c-8da6-576a95145a8b" testName="Test_ActionsWithArgumentMatchers_ArgActionsCallSpec" computerName="EPEKW-Q1100020" duration="00:00:00.1475129" startTime="2013-05-22T13:05:51.5038674+08:00" endTime="2013-05-22T13:05:51.8138674+08:00" testType="13cdc9d9-ddb5-4fa4-a97d-d965ccfc6d4b" outcome="Passed" testListId="8c84fa94-04c1-424b-9868-57a2d4851a1d" relativeResultsDirectory="896054f3-46c3-4509-b143-0efaa69ed11a">
    </UnitTestResult>
  </Results>
</TestRun>