<?xml version="1.0" encoding="UTF-8"?>
<TestRun id="8a52bbdc-40f7-408f-b66b-e3a1661a349c" name="gaoc@EPEKW-Q1100020 2013-05-22 11:16:51" runUser="IGTMASTER\gaoc" xmlns="http://microsoft.com/schemas/VisualStudio/TeamTest/2010">
  <TestSettings name="Local" id="4ca49d67-0d66-4a55-b4b3-2d739b980c55">
    <Description>These are default test settings for a local test run.</Description>
    <Deployment enabled="false" runDeploymentRoot="gaoc_EPEKW-Q1100020 2013-05-22 11_16_51">
      <DeploymentItem filename="C:\Users\gaoc\Downloads\NSubstitute-master\Output\Debug\NET35\NSubstitute\NSubstitute.dll" />
    </Deployment>
    <Execution>
      <TestTypeSpecific />
      <AgentRule name="Execution Agents">
      </AgentRule>
    </Execution>
  </TestSettings>
  <Times creation="2013-05-22T11:16:51.3518674+08:00" queuing="2013-05-22T11:16:51.3948674+08:00" start="2013-05-22T11:16:51.4298674+08:00" finish="2013-05-22T11:16:51.7658674+08:00" />
  <ResultSummary outcome="Completed">
    <Counters total="1" executed="1" passed="1" error="0" failed="0" timeout="0" aborted="0" inconclusive="0" passedButRunAborted="0" notRunnable="0" notExecuted="0" disconnected="0" warning="0" completed="0" inProgress="0" pending="0" />
  </ResultSummary>
  <TestDefinitions>
    <UnitTest name="Test_RaisingEvents_ArgsDoNotHaveDefaultCtor" storage="c:\users\gaoc\downloads\nsubstitute-master\source\nsubstitute.tests\bin\debug\nsubstitute.tests.dll" id="8e7f21c7-738b-c376-16c5-d72a43ad628b">
      <Execution id="3cc5fbba-a5ab-41a9-b2f5-0c376c46e655" />
      <TestMethod codeBase="C:/Users/gaoc/Downloads/NSubstitute-master/Source/NSubstitute.Tests/bin/Debug/NSubstitute.Tests.DLL" adapterTypeName="Microsoft.VisualStudio.TestTools.TestTypes.Unit.UnitTestAdapter, Microsoft.VisualStudio.QualityTools.Tips.UnitTest.Adapter, Version=10.0.0.0, Culture=neutral, PublicKeyToken=b03f5f7f11d50a3a" className="NSubstitute.Tests.RaisingEvents, NSubstitute.Tests, Version=1.0.0.0, Culture=neutral, PublicKeyToken=null" name="Test_RaisingEvents_ArgsDoNotHaveDefaultCtor" />
    </UnitTest>
  </TestDefinitions>
  <TestLists>
    <TestList name="Results Not in a List" id="8c84fa94-04c1-424b-9868-57a2d4851a1d" />
    <TestList name="All Loaded Results" id="19431567-8539-422a-85d7-44ee4e166bda" />
  </TestLists>
  <TestEntries>
    <TestEntry testId="8e7f21c7-738b-c376-16c5-d72a43ad628b" executionId="3cc5fbba-a5ab-41a9-b2f5-0c376c46e655" testListId="8c84fa94-04c1-424b-9868-57a2d4851a1d" />
  </TestEntries>
  <Results>
    <UnitTestResult executionId="3cc5fbba-a5ab-41a9-b2f5-0c376c46e655" testId="8e7f21c7-738b-c376-16c5-d72a43ad628b" testName="Test_RaisingEvents_ArgsDoNotHaveDefaultCtor" computerName="EPEKW-Q1100020" duration="00:00:00.1382116" startTime="2013-05-22T11:16:51.4388674+08:00" endTime="2013-05-22T11:16:51.7448674+08:00" testType="13cdc9d9-ddb5-4fa4-a97d-d965ccfc6d4b" outcome="Passed" testListId="8c84fa94-04c1-424b-9868-57a2d4851a1d" relativeResultsDirectory="3cc5fbba-a5ab-41a9-b2f5-0c376c46e655">
    </UnitTestResult>
  </Results>
</TestRun>