<?xml version="1.0" encoding="UTF-8"?>
<TestRun id="fc7a5d86-4455-4c11-83a5-4cf3f2c4102e" name="gaoc@EPEKW-Q1100020 2013-05-22 12:29:08" runUser="IGTMASTER\gaoc" xmlns="http://microsoft.com/schemas/VisualStudio/TeamTest/2010">
  <TestSettings name="Local" id="4ca49d67-0d66-4a55-b4b3-2d739b980c55">
    <Description>These are default test settings for a local test run.</Description>
    <Deployment enabled="false" runDeploymentRoot="gaoc_EPEKW-Q1100020 2013-05-22 12_29_08">
      <DeploymentItem filename="C:\Users\gaoc\Downloads\NSubstitute-master\Output\Debug\NET35\NSubstitute\NSubstitute.dll" />
    </Deployment>
    <Execution>
      <TestTypeSpecific />
      <AgentRule name="Execution Agents">
      </AgentRule>
    </Execution>
  </TestSettings>
  <Times creation="2013-05-22T12:29:08.8308674+08:00" queuing="2013-05-22T12:29:08.8758674+08:00" start="2013-05-22T12:29:08.8988674+08:00" finish="2013-05-22T12:29:09.3488674+08:00" />
  <ResultSummary outcome="Failed">
    <Counters total="5" executed="5" passed="3" error="0" failed="2" timeout="0" aborted="0" inconclusive="0" passedButRunAborted="0" notRunnable="0" notExecuted="0" disconnected="0" warning="0" completed="0" inProgress="0" pending="0" />
  </ResultSummary>
  <TestDefinitions>
    <UnitTest name="Test_AutoRecursiveMocks_ManuallyCreateSubstitutes" storage="c:\users\gaoc\downloads\nsubstitute-master\source\nsubstitute.tests\bin\debug\nsubstitute.tests.dll" id="61c5d9ef-a0e1-b5eb-9ccd-95af148c688e">
      <Execution id="ddf39186-8b38-4595-9fb1-034f84be0094" />
      <TestMethod codeBase="C:/Users/gaoc/Downloads/NSubstitute-master/Source/NSubstitute.Tests/bin/Debug/NSubstitute.Tests.DLL" adapterTypeName="Microsoft.VisualStudio.TestTools.TestTypes.Unit.UnitTestAdapter, Microsoft.VisualStudio.QualityTools.Tips.UnitTest.Adapter, Version=10.0.0.0, Culture=neutral, PublicKeyToken=b03f5f7f11d50a3a" className="NSubstitute.Tests.AutoRecursiveMocks, NSubstitute.Tests, Version=1.0.0.0, Culture=neutral, PublicKeyToken=null" name="Test_AutoRecursiveMocks_ManuallyCreateSubstitutes" />
    </UnitTest>
    <UnitTest name="Test_AutoRecursiveMocks_AutomaticallyCreateSubstitutes" storage="c:\users\gaoc\downloads\nsubstitute-master\source\nsubstitute.tests\bin\debug\nsubstitute.tests.dll" id="ea2938e8-6df8-38dc-d8db-acc3972a68a3">
      <Execution id="c4da828a-658b-4857-acb1-324fbb24a9f4" />
      <TestMethod codeBase="C:/Users/gaoc/Downloads/NSubstitute-master/Source/NSubstitute.Tests/bin/Debug/NSubstitute.Tests.DLL" adapterTypeName="Microsoft.VisualStudio.TestTools.TestTypes.Unit.UnitTestAdapter, Microsoft.VisualStudio.QualityTools.Tips.UnitTest.Adapter, Version=10.0.0.0, Culture=neutral, PublicKeyToken=b03f5f7f11d50a3a" className="NSubstitute.Tests.AutoRecursiveMocks, NSubstitute.Tests, Version=1.0.0.0, Culture=neutral, PublicKeyToken=null" name="Test_AutoRecursiveMocks_AutomaticallyCreateSubstitutes" />
    </UnitTest>
    <UnitTest name="Test_AutoRecursiveMocks_CallRecursivelySubbed" storage="c:\users\gaoc\downloads\nsubstitute-master\source\nsubstitute.tests\bin\debug\nsubstitute.tests.dll" id="d0932b71-180b-d30b-a469-58bd2a72b7ac">
      <Execution id="0c7adce1-b9e5-4b74-80ff-b30e517a75bf" />
      <TestMethod codeBase="C:/Users/gaoc/Downloads/NSubstitute-master/Source/NSubstitute.Tests/bin/Debug/NSubstitute.Tests.DLL" adapterTypeName="Microsoft.VisualStudio.TestTools.TestTypes.Unit.UnitTestAdapter, Microsoft.VisualStudio.QualityTools.Tips.UnitTest.Adapter, Version=10.0.0.0, Culture=neutral, PublicKeyToken=b03f5f7f11d50a3a" className="NSubstitute.Tests.AutoRecursiveMocks, NSubstitute.Tests, Version=1.0.0.0, Culture=neutral, PublicKeyToken=null" name="Test_AutoRecursiveMocks_CallRecursivelySubbed" />
    </UnitTest>
    <UnitTest name="Test_AutoRecursiveMocks_SubstituteChains" storage="c:\users\gaoc\downloads\nsubstitute-master\source\nsubstitute.tests\bin\debug\nsubstitute.tests.dll" id="80d0ab2b-6882-1388-d3ce-cd7ff4dff79d">
      <Execution id="e575b8f6-60b1-4a51-a930-7ec9c412cfd7" />
      <TestMethod codeBase="C:/Users/gaoc/Downloads/NSubstitute-master/Source/NSubstitute.Tests/bin/Debug/NSubstitute.Tests.DLL" adapterTypeName="Microsoft.VisualStudio.TestTools.TestTypes.Unit.UnitTestAdapter, Microsoft.VisualStudio.QualityTools.Tips.UnitTest.Adapter, Version=10.0.0.0, Culture=neutral, PublicKeyToken=b03f5f7f11d50a3a" className="NSubstitute.Tests.AutoRecursiveMocks, NSubstitute.Tests, Version=1.0.0.0, Culture=neutral, PublicKeyToken=null" name="Test_AutoRecursiveMocks_SubstituteChains" />
    </UnitTest>
    <UnitTest name="Test_AutoRecursiveMocks_AutoValues" storage="c:\users\gaoc\downloads\nsubstitute-master\source\nsubstitute.tests\bin\debug\nsubstitute.tests.dll" id="bbc6f144-5d6b-b0ae-1df1-243bea6ff857">
      <Execution id="9038b21d-8d79-4951-a990-f86a336f4937" />
      <TestMethod codeBase="C:/Users/gaoc/Downloads/NSubstitute-master/Source/NSubstitute.Tests/bin/Debug/NSubstitute.Tests.DLL" adapterTypeName="Microsoft.VisualStudio.TestTools.TestTypes.Unit.UnitTestAdapter, Microsoft.VisualStudio.QualityTools.Tips.UnitTest.Adapter, Version=10.0.0.0, Culture=neutral, PublicKeyToken=b03f5f7f11d50a3a" className="NSubstitute.Tests.AutoRecursiveMocks, NSubstitute.Tests, Version=1.0.0.0, Culture=neutral, PublicKeyToken=null" name="Test_AutoRecursiveMocks_AutoValues" />
    </UnitTest>
  </TestDefinitions>
  <TestLists>
    <TestList name="Results Not in a List" id="8c84fa94-04c1-424b-9868-57a2d4851a1d" />
    <TestList name="All Loaded Results" id="19431567-8539-422a-85d7-44ee4e166bda" />
  </TestLists>
  <TestEntries>
    <TestEntry testId="61c5d9ef-a0e1-b5eb-9ccd-95af148c688e" executionId="ddf39186-8b38-4595-9fb1-034f84be0094" testListId="8c84fa94-04c1-424b-9868-57a2d4851a1d" />
    <TestEntry testId="80d0ab2b-6882-1388-d3ce-cd7ff4dff79d" executionId="e575b8f6-60b1-4a51-a930-7ec9c412cfd7" testListId="8c84fa94-04c1-424b-9868-57a2d4851a1d" />
    <TestEntry testId="bbc6f144-5d6b-b0ae-1df1-243bea6ff857" executionId="9038b21d-8d79-4951-a990-f86a336f4937" testListId="8c84fa94-04c1-424b-9868-57a2d4851a1d" />
    <TestEntry testId="d0932b71-180b-d30b-a469-58bd2a72b7ac" executionId="0c7adce1-b9e5-4b74-80ff-b30e517a75bf" testListId="8c84fa94-04c1-424b-9868-57a2d4851a1d" />
    <TestEntry testId="ea2938e8-6df8-38dc-d8db-acc3972a68a3" executionId="c4da828a-658b-4857-acb1-324fbb24a9f4" testListId="8c84fa94-04c1-424b-9868-57a2d4851a1d" />
  </TestEntries>
  <Results>
    <UnitTestResult executionId="ddf39186-8b38-4595-9fb1-034f84be0094" testId="61c5d9ef-a0e1-b5eb-9ccd-95af148c688e" testName="Test_AutoRecursiveMocks_ManuallyCreateSubstitutes" computerName="EPEKW-Q1100020" duration="00:00:00.1691406" startTime="2013-05-22T12:29:08.9008674+08:00" endTime="2013-05-22T12:29:09.2498674+08:00" testType="13cdc9d9-ddb5-4fa4-a97d-d965ccfc6d4b" outcome="Failed" testListId="8c84fa94-04c1-424b-9868-57a2d4851a1d" relativeResultsDirectory="ddf39186-8b38-4595-9fb1-034f84be0094">
      <Output>
        <ErrorInfo>
          <Message>Assert.AreSame failed. </Message>
          <StackTrace>   at NSubstitute.Tests.AutoRecursiveMocks.Test_AutoRecursiveMocks_ManuallyCreateSubstitutes() in C:\Users\gaoc\Downloads\NSubstitute-master\Source\NSubstitute.Tests\15.AutoRecursiveMocks.cs:line 30
</StackTrace>
        </ErrorInfo>
      </Output>
    </UnitTestResult>
    <UnitTestResult executionId="e575b8f6-60b1-4a51-a930-7ec9c412cfd7" testId="80d0ab2b-6882-1388-d3ce-cd7ff4dff79d" testName="Test_AutoRecursiveMocks_SubstituteChains" computerName="EPEKW-Q1100020" duration="00:00:00.0130721" startTime="2013-05-22T12:29:09.2678674+08:00" endTime="2013-05-22T12:29:09.2958674+08:00" testType="13cdc9d9-ddb5-4fa4-a97d-d965ccfc6d4b" outcome="Passed" testListId="8c84fa94-04c1-424b-9868-57a2d4851a1d" relativeResultsDirectory="e575b8f6-60b1-4a51-a930-7ec9c412cfd7">
    </UnitTestResult>
    <UnitTestResult executionId="9038b21d-8d79-4951-a990-f86a336f4937" testId="bbc6f144-5d6b-b0ae-1df1-243bea6ff857" testName="Test_AutoRecursiveMocks_AutoValues" computerName="EPEKW-Q1100020" duration="00:00:00.0007278" startTime="2013-05-22T12:29:09.2998674+08:00" endTime="2013-05-22T12:29:09.3028674+08:00" testType="13cdc9d9-ddb5-4fa4-a97d-d965ccfc6d4b" outcome="Passed" testListId="8c84fa94-04c1-424b-9868-57a2d4851a1d" relativeResultsDirectory="9038b21d-8d79-4951-a990-f86a336f4937">
    </UnitTestResult>
    <UnitTestResult executionId="0c7adce1-b9e5-4b74-80ff-b30e517a75bf" testId="d0932b71-180b-d30b-a469-58bd2a72b7ac" testName="Test_AutoRecursiveMocks_CallRecursivelySubbed" computerName="EPEKW-Q1100020" duration="00:00:00.0005646" startTime="2013-05-22T12:29:09.3058674+08:00" endTime="2013-05-22T12:29:09.3088674+08:00" testType="13cdc9d9-ddb5-4fa4-a97d-d965ccfc6d4b" outcome="Passed" testListId="8c84fa94-04c1-424b-9868-57a2d4851a1d" relativeResultsDirectory="0c7adce1-b9e5-4b74-80ff-b30e517a75bf">
    </UnitTestResult>
    <UnitTestResult executionId="c4da828a-658b-4857-acb1-324fbb24a9f4" testId="ea2938e8-6df8-38dc-d8db-acc3972a68a3" testName="Test_AutoRecursiveMocks_AutomaticallyCreateSubstitutes" computerName="EPEKW-Q1100020" duration="00:00:00.0020520" startTime="2013-05-22T12:29:09.3148674+08:00" endTime="2013-05-22T12:29:09.3188674+08:00" testType="13cdc9d9-ddb5-4fa4-a97d-d965ccfc6d4b" outcome="Failed" testListId="8c84fa94-04c1-424b-9868-57a2d4851a1d" relativeResultsDirectory="c4da828a-658b-4857-acb1-324fbb24a9f4">
      <Output>
        <ErrorInfo>
          <Message>Assert.AreEqual failed. Expected:&lt;System.Int32[]&gt;. Actual:&lt;System.Int32[]&gt;. </Message>
          <StackTrace>   at NSubstitute.Tests.AutoRecursiveMocks.Test_AutoRecursiveMocks_AutomaticallyCreateSubstitutes() in C:\Users\gaoc\Downloads\NSubstitute-master\Source\NSubstitute.Tests\15.AutoRecursiveMocks.cs:line 41
</StackTrace>
        </ErrorInfo>
      </Output>
    </UnitTestResult>
  </Results>
</TestRun>