<?xml version="1.0" encoding="UTF-8"?>
<TestRun id="718569ab-657a-4f08-be19-b8663bfcb90c" name="gaoc@EPEKW-Q1100020 2013-05-22 11:10:25" runUser="IGTMASTER\gaoc" xmlns="http://microsoft.com/schemas/VisualStudio/TeamTest/2010">
  <TestSettings name="Local" id="4ca49d67-0d66-4a55-b4b3-2d739b980c55">
    <Description>These are default test settings for a local test run.</Description>
    <Deployment enabled="false" runDeploymentRoot="gaoc_EPEKW-Q1100020 2013-05-22 11_10_25">
      <DeploymentItem filename="C:\Users\gaoc\Downloads\NSubstitute-master\Output\Debug\NET35\NSubstitute\NSubstitute.dll" />
    </Deployment>
    <Execution>
      <TestTypeSpecific />
      <AgentRule name="Execution Agents">
      </AgentRule>
    </Execution>
  </TestSettings>
  <Times creation="2013-05-22T11:10:25.2628674+08:00" queuing="2013-05-22T11:10:25.3278674+08:00" start="2013-05-22T11:10:25.3548674+08:00" finish="2013-05-22T11:10:25.7428674+08:00" />
  <ResultSummary outcome="Completed">
    <Counters total="2" executed="2" passed="2" error="0" failed="0" timeout="0" aborted="0" inconclusive="0" passedButRunAborted="0" notRunnable="0" notExecuted="0" disconnected="0" warning="0" completed="0" inProgress="0" pending="0" />
  </ResultSummary>
  <TestDefinitions>
    <UnitTest name="Test_ThrowingExceptions_ForNonVoidAndVoid" storage="c:\users\gaoc\downloads\nsubstitute-master\source\nsubstitute.tests\bin\debug\nsubstitute.tests.dll" id="9dfc26d3-d54c-81a0-c8f7-fa9fae0aa3da">
      <Execution id="639e101d-e0cf-423e-b933-ff93e96ff596" />
      <TestMethod codeBase="C:/Users/gaoc/Downloads/NSubstitute-master/Source/NSubstitute.Tests/bin/Debug/NSubstitute.Tests.DLL" adapterTypeName="Microsoft.VisualStudio.TestTools.TestTypes.Unit.UnitTestAdapter, Microsoft.VisualStudio.QualityTools.Tips.UnitTest.Adapter, Version=10.0.0.0, Culture=neutral, PublicKeyToken=b03f5f7f11d50a3a" className="NSubstitute.Tests.ThrowingExceptions, NSubstitute.Tests, Version=1.0.0.0, Culture=neutral, PublicKeyToken=null" name="Test_ThrowingExceptions_ForNonVoidAndVoid" />
    </UnitTest>
    <UnitTest name="Test_ThrowingExceptions_ForVoid" storage="c:\users\gaoc\downloads\nsubstitute-master\source\nsubstitute.tests\bin\debug\nsubstitute.tests.dll" id="e3be2852-e2be-d3cf-11a8-8b4aa463f7cc">
      <Execution id="2f2e8983-6c46-4ee8-8a64-a71e6d7ea1f9" />
      <TestMethod codeBase="C:/Users/gaoc/Downloads/NSubstitute-master/Source/NSubstitute.Tests/bin/Debug/NSubstitute.Tests.DLL" adapterTypeName="Microsoft.VisualStudio.TestTools.TestTypes.Unit.UnitTestAdapter, Microsoft.VisualStudio.QualityTools.Tips.UnitTest.Adapter, Version=10.0.0.0, Culture=neutral, PublicKeyToken=b03f5f7f11d50a3a" className="NSubstitute.Tests.ThrowingExceptions, NSubstitute.Tests, Version=1.0.0.0, Culture=neutral, PublicKeyToken=null" name="Test_ThrowingExceptions_ForVoid" />
    </UnitTest>
  </TestDefinitions>
  <TestLists>
    <TestList name="Results Not in a List" id="8c84fa94-04c1-424b-9868-57a2d4851a1d" />
    <TestList name="All Loaded Results" id="19431567-8539-422a-85d7-44ee4e166bda" />
  </TestLists>
  <TestEntries>
    <TestEntry testId="9dfc26d3-d54c-81a0-c8f7-fa9fae0aa3da" executionId="639e101d-e0cf-423e-b933-ff93e96ff596" testListId="8c84fa94-04c1-424b-9868-57a2d4851a1d" />
    <TestEntry testId="e3be2852-e2be-d3cf-11a8-8b4aa463f7cc" executionId="2f2e8983-6c46-4ee8-8a64-a71e6d7ea1f9" testListId="8c84fa94-04c1-424b-9868-57a2d4851a1d" />
  </TestEntries>
  <Results>
    <UnitTestResult executionId="639e101d-e0cf-423e-b933-ff93e96ff596" testId="9dfc26d3-d54c-81a0-c8f7-fa9fae0aa3da" testName="Test_ThrowingExceptions_ForNonVoidAndVoid" computerName="EPEKW-Q1100020" duration="00:00:00.1468319" startTime="2013-05-22T11:10:25.3658674+08:00" endTime="2013-05-22T11:10:25.7088674+08:00" testType="13cdc9d9-ddb5-4fa4-a97d-d965ccfc6d4b" outcome="Passed" testListId="8c84fa94-04c1-424b-9868-57a2d4851a1d" relativeResultsDirectory="639e101d-e0cf-423e-b933-ff93e96ff596">
    </UnitTestResult>
    <UnitTestResult executionId="2f2e8983-6c46-4ee8-8a64-a71e6d7ea1f9" testId="e3be2852-e2be-d3cf-11a8-8b4aa463f7cc" testName="Test_ThrowingExceptions_ForVoid" computerName="EPEKW-Q1100020" duration="00:00:00.0101652" startTime="2013-05-22T11:10:25.7118674+08:00" endTime="2013-05-22T11:10:25.7248674+08:00" testType="13cdc9d9-ddb5-4fa4-a97d-d965ccfc6d4b" outcome="Passed" testListId="8c84fa94-04c1-424b-9868-57a2d4851a1d" relativeResultsDirectory="2f2e8983-6c46-4ee8-8a64-a71e6d7ea1f9">
    </UnitTestResult>
  </Results>
</TestRun>